<?xml version="1.0" encoding="UTF-8"?>
<mule xmlns="http://www.mulesource.org/schema/mule/core/2.2"
      xmlns:xsi="http://www.w3.org/2001/XMLSchema-instance"
      xmlns:cxf="http://www.mulesource.org/schema/mule/cxf/2.2"
      xmlns:spring="http://www.springframework.org/schema/beans"
      xmlns:vm="http://www.mulesource.org/schema/mule/vm/2.2"
	
      xsi:schemaLocation="
            http://www.mulesource.org/schema/mule/ee/wmq/2.2 http://www.mulesource.org/schema/mule/ee/wmq/2.2/mule-wmq-ee.xsd
            http://www.springframework.org/schema/beans http://www.springframework.org/schema/beans/spring-beans-2.0.xsd
            http://www.mulesource.org/schema/mule/core/2.2 http://www.mulesource.org/schema/mule/core/2.2/mule.xsd
            http://www.mulesource.org/schema/mule/cxf/2.2 http://www.mulesource.org/schema/mule/cxf/2.2/mule-cxf.xsd
            http://www.mulesource.org/schema/mule/jms/2.2 http://www.mulesource.org/schema/mule/jms/2.2/mule-jms.xsd
			http://www.mulesource.org/schema/mule/vm/2.2 http://www.mulesource.org/schema/mule/vm/2.2/mule-vm.xsd">


    <model name="CxfSimpleProxy">

        <service name="Gateway">
            <inbound>
                <cxf:inbound-endpoint address="http://localhost:8088/TestProxy" 
                                      synchronous="true" 
                                      proxy="true" 
                                      endpointName="TestPOJOComponentPort"
                                      serviceName="TestPOJOComponent" 
                                      namespace="http://someOtherPackage.support.cxf.transport.mule/"
                                      wsdlLocation="./org/mule/transport/cxf/support/TestProxyImpl.wsdl"
                />
            </inbound>
            <outbound>
                <pass-through-router>
                    <cxf:outbound-endpoint address="vm://TestProxyImpl" synchronous="true" proxy="true"/>
                </pass-through-router>
            </outbound>
        </service>

        <service name="Component">
            <inbound>
                <cxf:inbound-endpoint address="vm://TestProxyImpl" synchronous="true" frontend="simple"/>                
            </inbound>
            <component class="org.mule.transport.cxf.support.someOtherPackage.TestPOJOComponent"/>
        </service>
        
    </model>

</mule>
